2020-10-20 23:12:02,345:INFO:PyCaret Classification Module
2020-10-20 23:12:02,346:INFO:version 2.0
2020-10-20 23:12:02,346:INFO:Initializing setup()
2020-10-20 23:12:02,346:INFO:USI: 1864
2020-10-20 23:12:02,347:INFO:setup(data=(4521, 17), target=y, train_size=0.7, sampling=True, sample_estimator=None, categorical_features=None, categorical_imputation=constant, ordinal_features=None,
                    high_cardinality_features=None, high_cardinality_method=frequency, numeric_features=None, numeric_imputation=mean, date_features=None, ignore_features=None, normalize=True,
                    normalize_method=zscore, transformation=True, transformation_method=quantile, handle_unknown_categorical=True, unknown_categorical_method=least_frequent, pca=False, pca_method=linear,
                    pca_components=None, ignore_low_variance=False, combine_rare_levels=False, rare_level_threshold=0.1, bin_numeric_features=None, remove_outliers=False, outliers_threshold=0.05,
                    remove_multicollinearity=False, multicollinearity_threshold=0.9, remove_perfect_collinearity=False, create_clusters=False, cluster_iter=20,
                    polynomial_features=False, polynomial_degree=2, trigonometry_features=False, polynomial_threshold=0.1, group_features=None,
                    group_names=None, feature_selection=False, feature_selection_threshold=0.8, feature_interaction=False, feature_ratio=False, interaction_threshold=0.01,
                    fix_imbalance=False, fix_imbalance_method=None, data_split_shuffle=True, folds_shuffle=False, n_jobs=-1, html=True, session_id=123, log_experiment=False,
                    experiment_name=bank_1, log_plots=False, log_profile=False, log_data=False, silent=False, verbose=True, profile=False)
2020-10-20 23:12:02,347:INFO:Checking environment
2020-10-20 23:12:02,348:INFO:python_version: 3.8.3
2020-10-20 23:12:02,348:INFO:python_build: ('default', 'Jul  2 2020 17:30:36')
2020-10-20 23:12:02,348:INFO:machine: AMD64
2020-10-20 23:12:02,349:INFO:platform: Windows-10-10.0.18362-SP0
2020-10-20 23:12:02,395:INFO:Memory: svmem(total=8465043456, available=2653859840, percent=68.6, used=5811183616, free=2653859840)
2020-10-20 23:12:02,395:INFO:Physical Core: 2
2020-10-20 23:12:02,395:INFO:Logical Core: 4
2020-10-20 23:12:02,395:INFO:Checking libraries
2020-10-20 23:12:02,395:INFO:pd==1.0.5
2020-10-20 23:12:02,396:INFO:numpy==1.18.5
2020-10-20 23:12:03,755:INFO:sklearn==0.23.1
2020-10-20 23:12:05,293:INFO:xgboost==1.2.1
2020-10-20 23:12:05,585:INFO:lightgbm==3.0.0
2020-10-20 23:12:06,059:INFO:catboost==0.24.2
2020-10-20 23:12:09,421:INFO:mlflow==1.11.0
2020-10-20 23:12:09,422:INFO:Checking Exceptions
2020-10-20 23:12:09,422:INFO:Preloading libraries
2020-10-20 23:12:09,422:INFO:Preparing display monitor
2020-10-20 23:12:09,449:INFO:Importing libraries
2020-10-20 23:12:12,253:INFO:Declaring global variables
2020-10-20 23:12:12,253:INFO:Copying data for preprocessing
2020-10-20 23:12:12,267:INFO:Declaring preprocessing parameters
2020-10-20 23:12:12,267:INFO:Importing preprocessing module
2020-10-20 23:12:14,955:INFO:Creating preprocessing pipeline
2020-10-20 23:20:54,414:INFO:PyCaret Classification Module
2020-10-20 23:20:54,415:INFO:version 2.0
2020-10-20 23:20:54,415:INFO:Initializing setup()
2020-10-20 23:20:54,415:INFO:USI: 1157
2020-10-20 23:20:54,416:INFO:setup(data=(4521, 17), target=y, train_size=0.7, sampling=True, sample_estimator=None, categorical_features=None, categorical_imputation=constant, ordinal_features=None,
                    high_cardinality_features=None, high_cardinality_method=frequency, numeric_features=None, numeric_imputation=mean, date_features=None, ignore_features=None, normalize=True,
                    normalize_method=zscore, transformation=True, transformation_method=quantile, handle_unknown_categorical=True, unknown_categorical_method=least_frequent, pca=False, pca_method=linear,
                    pca_components=None, ignore_low_variance=False, combine_rare_levels=False, rare_level_threshold=0.1, bin_numeric_features=None, remove_outliers=False, outliers_threshold=0.05,
                    remove_multicollinearity=False, multicollinearity_threshold=0.9, remove_perfect_collinearity=False, create_clusters=False, cluster_iter=20,
                    polynomial_features=False, polynomial_degree=2, trigonometry_features=False, polynomial_threshold=0.1, group_features=None,
                    group_names=None, feature_selection=False, feature_selection_threshold=0.8, feature_interaction=False, feature_ratio=False, interaction_threshold=0.01,
                    fix_imbalance=False, fix_imbalance_method=None, data_split_shuffle=True, folds_shuffle=False, n_jobs=-1, html=True, session_id=123, log_experiment=False,
                    experiment_name=bank_1, log_plots=False, log_profile=False, log_data=False, silent=False, verbose=True, profile=False)
2020-10-20 23:20:54,416:INFO:Checking environment
2020-10-20 23:20:54,416:INFO:python_version: 3.8.3
2020-10-20 23:20:54,416:INFO:python_build: ('default', 'Jul  2 2020 17:30:36')
2020-10-20 23:20:54,416:INFO:machine: AMD64
2020-10-20 23:20:54,417:INFO:platform: Windows-10-10.0.18362-SP0
2020-10-20 23:20:54,417:INFO:Memory: svmem(total=8465043456, available=2068975616, percent=75.6, used=6396067840, free=2068975616)
2020-10-20 23:20:54,417:INFO:Physical Core: 2
2020-10-20 23:20:54,417:INFO:Logical Core: 4
2020-10-20 23:20:54,417:INFO:Checking libraries
2020-10-20 23:20:54,418:INFO:pd==1.0.5
2020-10-20 23:20:54,418:INFO:numpy==1.18.5
2020-10-20 23:20:54,418:INFO:sklearn==0.23.1
2020-10-20 23:20:54,418:INFO:xgboost==1.2.1
2020-10-20 23:20:54,418:INFO:lightgbm==3.0.0
2020-10-20 23:20:54,418:INFO:catboost==0.24.2
2020-10-20 23:20:54,419:INFO:mlflow==1.11.0
2020-10-20 23:20:54,419:INFO:Checking Exceptions
2020-10-20 23:20:54,419:INFO:Preloading libraries
2020-10-20 23:20:54,419:INFO:Preparing display monitor
2020-10-20 23:20:54,447:INFO:Importing libraries
2020-10-20 23:20:54,466:INFO:Declaring global variables
2020-10-20 23:20:54,466:INFO:Copying data for preprocessing
2020-10-20 23:20:54,480:INFO:Declaring preprocessing parameters
2020-10-20 23:20:54,481:INFO:Importing preprocessing module
2020-10-20 23:20:54,481:INFO:Creating preprocessing pipeline
2020-10-20 23:21:10,521:INFO:PyCaret Classification Module
2020-10-20 23:21:10,521:INFO:version 2.0
2020-10-20 23:21:10,521:INFO:Initializing setup()
2020-10-20 23:21:10,521:INFO:USI: 1769
2020-10-20 23:21:10,522:INFO:setup(data=(4521, 17), target=y, train_size=0.7, sampling=True, sample_estimator=None, categorical_features=None, categorical_imputation=constant, ordinal_features=None,
                    high_cardinality_features=None, high_cardinality_method=frequency, numeric_features=None, numeric_imputation=mean, date_features=None, ignore_features=None, normalize=True,
                    normalize_method=zscore, transformation=True, transformation_method=quantile, handle_unknown_categorical=True, unknown_categorical_method=least_frequent, pca=False, pca_method=linear,
                    pca_components=None, ignore_low_variance=False, combine_rare_levels=False, rare_level_threshold=0.1, bin_numeric_features=None, remove_outliers=False, outliers_threshold=0.05,
                    remove_multicollinearity=False, multicollinearity_threshold=0.9, remove_perfect_collinearity=False, create_clusters=False, cluster_iter=20,
                    polynomial_features=False, polynomial_degree=2, trigonometry_features=False, polynomial_threshold=0.1, group_features=None,
                    group_names=None, feature_selection=False, feature_selection_threshold=0.8, feature_interaction=False, feature_ratio=False, interaction_threshold=0.01,
                    fix_imbalance=False, fix_imbalance_method=None, data_split_shuffle=True, folds_shuffle=False, n_jobs=-1, html=True, session_id=123, log_experiment=False,
                    experiment_name=bank_1, log_plots=False, log_profile=False, log_data=False, silent=False, verbose=True, profile=False)
2020-10-20 23:21:10,522:INFO:Checking environment
2020-10-20 23:21:10,522:INFO:python_version: 3.8.3
2020-10-20 23:21:10,522:INFO:python_build: ('default', 'Jul  2 2020 17:30:36')
2020-10-20 23:21:10,522:INFO:machine: AMD64
2020-10-20 23:21:10,522:INFO:platform: Windows-10-10.0.18362-SP0
2020-10-20 23:21:10,522:INFO:Memory: svmem(total=8465043456, available=2127355904, percent=74.9, used=6337687552, free=2127355904)
2020-10-20 23:21:10,523:INFO:Physical Core: 2
2020-10-20 23:21:10,523:INFO:Logical Core: 4
2020-10-20 23:21:10,523:INFO:Checking libraries
2020-10-20 23:21:10,523:INFO:pd==1.0.5
2020-10-20 23:21:10,523:INFO:numpy==1.18.5
2020-10-20 23:21:10,523:INFO:sklearn==0.23.1
2020-10-20 23:21:10,523:INFO:xgboost==1.2.1
2020-10-20 23:21:10,523:INFO:lightgbm==3.0.0
2020-10-20 23:21:10,523:INFO:catboost==0.24.2
2020-10-20 23:21:10,523:INFO:mlflow==1.11.0
2020-10-20 23:21:10,524:INFO:Checking Exceptions
2020-10-20 23:21:10,524:INFO:Preloading libraries
2020-10-20 23:21:10,524:INFO:Preparing display monitor
2020-10-20 23:21:10,550:INFO:Importing libraries
2020-10-20 23:21:10,580:INFO:Declaring global variables
2020-10-20 23:21:10,581:INFO:Copying data for preprocessing
2020-10-20 23:21:10,587:INFO:Declaring preprocessing parameters
2020-10-20 23:21:10,587:INFO:Importing preprocessing module
2020-10-20 23:21:10,588:INFO:Creating preprocessing pipeline
2020-10-20 23:21:14,943:INFO:PyCaret Classification Module
2020-10-20 23:21:14,944:INFO:version 2.0
2020-10-20 23:21:14,944:INFO:Initializing setup()
2020-10-20 23:21:14,944:INFO:USI: 9b01
2020-10-20 23:21:14,944:INFO:setup(data=(4521, 17), target=y, train_size=0.7, sampling=True, sample_estimator=None, categorical_features=None, categorical_imputation=constant, ordinal_features=None,
                    high_cardinality_features=None, high_cardinality_method=frequency, numeric_features=None, numeric_imputation=mean, date_features=None, ignore_features=None, normalize=True,
                    normalize_method=zscore, transformation=True, transformation_method=quantile, handle_unknown_categorical=True, unknown_categorical_method=least_frequent, pca=False, pca_method=linear,
                    pca_components=None, ignore_low_variance=False, combine_rare_levels=False, rare_level_threshold=0.1, bin_numeric_features=None, remove_outliers=False, outliers_threshold=0.05,
                    remove_multicollinearity=False, multicollinearity_threshold=0.9, remove_perfect_collinearity=False, create_clusters=False, cluster_iter=20,
                    polynomial_features=False, polynomial_degree=2, trigonometry_features=False, polynomial_threshold=0.1, group_features=None,
                    group_names=None, feature_selection=False, feature_selection_threshold=0.8, feature_interaction=False, feature_ratio=False, interaction_threshold=0.01,
                    fix_imbalance=False, fix_imbalance_method=None, data_split_shuffle=True, folds_shuffle=False, n_jobs=-1, html=True, session_id=123, log_experiment=False,
                    experiment_name=bank_1, log_plots=False, log_profile=False, log_data=False, silent=False, verbose=True, profile=False)
2020-10-20 23:21:14,945:INFO:Checking environment
2020-10-20 23:21:14,945:INFO:python_version: 3.8.3
2020-10-20 23:21:14,945:INFO:python_build: ('default', 'Jul  2 2020 17:30:36')
2020-10-20 23:21:14,945:INFO:machine: AMD64
2020-10-20 23:21:14,945:INFO:platform: Windows-10-10.0.18362-SP0
2020-10-20 23:21:14,945:INFO:Memory: svmem(total=8465043456, available=2116628480, percent=75.0, used=6348414976, free=2116628480)
2020-10-20 23:21:14,946:INFO:Physical Core: 2
2020-10-20 23:21:14,946:INFO:Logical Core: 4
2020-10-20 23:21:14,946:INFO:Checking libraries
2020-10-20 23:21:14,946:INFO:pd==1.0.5
2020-10-20 23:21:14,946:INFO:numpy==1.18.5
2020-10-20 23:21:14,947:INFO:sklearn==0.23.1
2020-10-20 23:21:14,947:INFO:xgboost==1.2.1
2020-10-20 23:21:14,947:INFO:lightgbm==3.0.0
2020-10-20 23:21:14,947:INFO:catboost==0.24.2
2020-10-20 23:21:14,947:INFO:mlflow==1.11.0
2020-10-20 23:21:14,947:INFO:Checking Exceptions
2020-10-20 23:21:14,948:INFO:Preloading libraries
2020-10-20 23:21:14,948:INFO:Preparing display monitor
2020-10-20 23:21:14,972:INFO:Importing libraries
2020-10-20 23:21:14,985:INFO:Declaring global variables
2020-10-20 23:21:14,986:INFO:Copying data for preprocessing
2020-10-20 23:21:14,999:INFO:Declaring preprocessing parameters
2020-10-20 23:21:14,999:INFO:Importing preprocessing module
2020-10-20 23:21:14,999:INFO:Creating preprocessing pipeline
2020-10-20 23:32:52,625:INFO:PyCaret Classification Module
2020-10-20 23:32:52,625:INFO:version 2.0
2020-10-20 23:32:52,626:INFO:Initializing setup()
2020-10-20 23:32:52,626:INFO:USI: 8d02
2020-10-20 23:32:52,626:INFO:setup(data=(4521, 17), target=y, train_size=0.7, sampling=True, sample_estimator=None, categorical_features=None, categorical_imputation=constant, ordinal_features=None,
                    high_cardinality_features=None, high_cardinality_method=frequency, numeric_features=None, numeric_imputation=mean, date_features=None, ignore_features=None, normalize=True,
                    normalize_method=zscore, transformation=True, transformation_method=quantile, handle_unknown_categorical=True, unknown_categorical_method=least_frequent, pca=False, pca_method=linear,
                    pca_components=None, ignore_low_variance=False, combine_rare_levels=False, rare_level_threshold=0.1, bin_numeric_features=None, remove_outliers=False, outliers_threshold=0.05,
                    remove_multicollinearity=False, multicollinearity_threshold=0.9, remove_perfect_collinearity=False, create_clusters=False, cluster_iter=20,
                    polynomial_features=False, polynomial_degree=2, trigonometry_features=False, polynomial_threshold=0.1, group_features=None,
                    group_names=None, feature_selection=False, feature_selection_threshold=0.8, feature_interaction=False, feature_ratio=False, interaction_threshold=0.01,
                    fix_imbalance=False, fix_imbalance_method=None, data_split_shuffle=True, folds_shuffle=False, n_jobs=-1, html=True, session_id=123, log_experiment=False,
                    experiment_name=bank_1, log_plots=False, log_profile=False, log_data=False, silent=False, verbose=True, profile=False)
2020-10-20 23:32:52,626:INFO:Checking environment
2020-10-20 23:32:52,626:INFO:python_version: 3.8.3
2020-10-20 23:32:52,627:INFO:python_build: ('default', 'Jul  2 2020 17:30:36')
2020-10-20 23:32:52,627:INFO:machine: AMD64
2020-10-20 23:32:52,627:INFO:platform: Windows-10-10.0.18362-SP0
2020-10-20 23:32:52,627:INFO:Memory: svmem(total=8465043456, available=2360889344, percent=72.1, used=6104154112, free=2360889344)
2020-10-20 23:32:52,627:INFO:Physical Core: 2
2020-10-20 23:32:52,627:INFO:Logical Core: 4
2020-10-20 23:32:52,628:INFO:Checking libraries
2020-10-20 23:32:52,628:INFO:pd==1.0.5
2020-10-20 23:32:52,628:INFO:numpy==1.18.5
2020-10-20 23:32:52,628:INFO:sklearn==0.23.1
2020-10-20 23:32:52,628:INFO:xgboost==1.2.1
2020-10-20 23:32:52,629:INFO:lightgbm==3.0.0
2020-10-20 23:32:52,629:INFO:catboost==0.24.2
2020-10-20 23:32:52,629:INFO:mlflow==1.11.0
2020-10-20 23:32:52,629:INFO:Checking Exceptions
2020-10-20 23:32:52,629:INFO:Preloading libraries
2020-10-20 23:32:52,630:INFO:Preparing display monitor
2020-10-20 23:32:52,662:INFO:Importing libraries
2020-10-20 23:32:52,674:INFO:Declaring global variables
2020-10-20 23:32:52,674:INFO:Copying data for preprocessing
2020-10-20 23:32:52,687:INFO:Declaring preprocessing parameters
2020-10-20 23:32:52,688:INFO:Importing preprocessing module
2020-10-20 23:32:52,688:INFO:Creating preprocessing pipeline
2020-10-20 23:33:05,480:INFO:PyCaret Classification Module
2020-10-20 23:33:05,480:INFO:version 2.0
2020-10-20 23:33:05,481:INFO:Initializing setup()
2020-10-20 23:33:05,481:INFO:USI: ea4f
2020-10-20 23:33:05,481:INFO:setup(data=(4521, 17), target=y, train_size=0.7, sampling=True, sample_estimator=None, categorical_features=None, categorical_imputation=constant, ordinal_features=None,
                    high_cardinality_features=None, high_cardinality_method=frequency, numeric_features=None, numeric_imputation=mean, date_features=None, ignore_features=None, normalize=True,
                    normalize_method=zscore, transformation=True, transformation_method=quantile, handle_unknown_categorical=True, unknown_categorical_method=least_frequent, pca=False, pca_method=linear,
                    pca_components=None, ignore_low_variance=False, combine_rare_levels=False, rare_level_threshold=0.1, bin_numeric_features=None, remove_outliers=False, outliers_threshold=0.05,
                    remove_multicollinearity=False, multicollinearity_threshold=0.9, remove_perfect_collinearity=False, create_clusters=False, cluster_iter=20,
                    polynomial_features=False, polynomial_degree=2, trigonometry_features=False, polynomial_threshold=0.1, group_features=None,
                    group_names=None, feature_selection=False, feature_selection_threshold=0.8, feature_interaction=False, feature_ratio=False, interaction_threshold=0.01,
                    fix_imbalance=False, fix_imbalance_method=None, data_split_shuffle=True, folds_shuffle=False, n_jobs=-1, html=True, session_id=12, log_experiment=False,
                    experiment_name=bank_1, log_plots=False, log_profile=False, log_data=False, silent=False, verbose=True, profile=False)
2020-10-20 23:33:05,481:INFO:Checking environment
2020-10-20 23:33:05,482:INFO:python_version: 3.8.3
2020-10-20 23:33:05,482:INFO:python_build: ('default', 'Jul  2 2020 17:30:36')
2020-10-20 23:33:05,482:INFO:machine: AMD64
2020-10-20 23:33:05,482:INFO:platform: Windows-10-10.0.18362-SP0
2020-10-20 23:33:05,482:INFO:Memory: svmem(total=8465043456, available=2329735168, percent=72.5, used=6135308288, free=2329735168)
2020-10-20 23:33:05,483:INFO:Physical Core: 2
2020-10-20 23:33:05,483:INFO:Logical Core: 4
2020-10-20 23:33:05,483:INFO:Checking libraries
2020-10-20 23:33:05,483:INFO:pd==1.0.5
2020-10-20 23:33:05,483:INFO:numpy==1.18.5
2020-10-20 23:33:05,483:INFO:sklearn==0.23.1
2020-10-20 23:33:05,484:INFO:xgboost==1.2.1
2020-10-20 23:33:05,484:INFO:lightgbm==3.0.0
2020-10-20 23:33:05,484:INFO:catboost==0.24.2
2020-10-20 23:33:05,484:INFO:mlflow==1.11.0
2020-10-20 23:33:05,484:INFO:Checking Exceptions
2020-10-20 23:33:05,484:INFO:Preloading libraries
2020-10-20 23:33:05,485:INFO:Preparing display monitor
2020-10-20 23:33:05,509:INFO:Importing libraries
2020-10-20 23:33:05,524:INFO:Declaring global variables
2020-10-20 23:33:05,525:INFO:Copying data for preprocessing
2020-10-20 23:33:05,539:INFO:Declaring preprocessing parameters
2020-10-20 23:33:05,539:INFO:Importing preprocessing module
2020-10-20 23:33:05,540:INFO:Creating preprocessing pipeline
2020-10-20 23:33:11,627:INFO:PyCaret Classification Module
2020-10-20 23:33:11,628:INFO:version 2.0
2020-10-20 23:33:11,628:INFO:Initializing setup()
2020-10-20 23:33:11,628:INFO:USI: ef94
2020-10-20 23:33:11,628:INFO:setup(data=(4521, 17), target=y, train_size=0.7, sampling=True, sample_estimator=None, categorical_features=None, categorical_imputation=constant, ordinal_features=None,
                    high_cardinality_features=None, high_cardinality_method=frequency, numeric_features=None, numeric_imputation=mean, date_features=None, ignore_features=None, normalize=True,
                    normalize_method=zscore, transformation=True, transformation_method=quantile, handle_unknown_categorical=True, unknown_categorical_method=least_frequent, pca=False, pca_method=linear,
                    pca_components=None, ignore_low_variance=False, combine_rare_levels=False, rare_level_threshold=0.1, bin_numeric_features=None, remove_outliers=False, outliers_threshold=0.05,
                    remove_multicollinearity=False, multicollinearity_threshold=0.9, remove_perfect_collinearity=False, create_clusters=False, cluster_iter=20,
                    polynomial_features=False, polynomial_degree=2, trigonometry_features=False, polynomial_threshold=0.1, group_features=None,
                    group_names=None, feature_selection=False, feature_selection_threshold=0.8, feature_interaction=False, feature_ratio=False, interaction_threshold=0.01,
                    fix_imbalance=False, fix_imbalance_method=None, data_split_shuffle=True, folds_shuffle=False, n_jobs=-1, html=True, session_id=123, log_experiment=False,
                    experiment_name=bank_1, log_plots=False, log_profile=False, log_data=False, silent=False, verbose=True, profile=False)
2020-10-20 23:33:11,629:INFO:Checking environment
2020-10-20 23:33:11,629:INFO:python_version: 3.8.3
2020-10-20 23:33:11,629:INFO:python_build: ('default', 'Jul  2 2020 17:30:36')
2020-10-20 23:33:11,629:INFO:machine: AMD64
2020-10-20 23:33:11,629:INFO:platform: Windows-10-10.0.18362-SP0
2020-10-20 23:33:11,629:INFO:Memory: svmem(total=8465043456, available=2346553344, percent=72.3, used=6118490112, free=2346553344)
2020-10-20 23:33:11,630:INFO:Physical Core: 2
2020-10-20 23:33:11,630:INFO:Logical Core: 4
2020-10-20 23:33:11,630:INFO:Checking libraries
2020-10-20 23:33:11,630:INFO:pd==1.0.5
2020-10-20 23:33:11,630:INFO:numpy==1.18.5
2020-10-20 23:33:11,630:INFO:sklearn==0.23.1
2020-10-20 23:33:11,631:INFO:xgboost==1.2.1
2020-10-20 23:33:11,631:INFO:lightgbm==3.0.0
2020-10-20 23:33:11,631:INFO:catboost==0.24.2
2020-10-20 23:33:11,631:INFO:mlflow==1.11.0
2020-10-20 23:33:11,631:INFO:Checking Exceptions
2020-10-20 23:33:11,631:INFO:Preloading libraries
2020-10-20 23:33:11,632:INFO:Preparing display monitor
2020-10-20 23:33:11,661:INFO:Importing libraries
2020-10-20 23:33:11,676:INFO:Declaring global variables
2020-10-20 23:33:11,676:INFO:Copying data for preprocessing
2020-10-20 23:33:11,689:INFO:Declaring preprocessing parameters
2020-10-20 23:33:11,690:INFO:Importing preprocessing module
2020-10-20 23:33:11,690:INFO:Creating preprocessing pipeline
